<?xml version="1.0" encoding="UTF-8"?>
<!-- Generated by org.testng.reporters.JUnitXMLReporter -->
<testsuite ignored="0" hostname="DESKTOP-52IO3LO" failures="0" tests="3" name="Default test" time="3.939" errors="0" timestamp="2024-06-11T14:30:14 SAST">
  <testcase classname="testCases.UserListTableTestCase" name="verify_you_are_on_User_List_Table" time="0.047"/>
  <testcase classname="testCases.UserListTableTestCase" name="verify_user_Added_succefully" time="2.643"/>
  <testcase classname="testCases.UserListTableTestCase" name="verify_user_Added_succefully" time="1.139"/>
</testsuite> <!-- Default test -->
