<?xml version="1.0" encoding="UTF-8"?>
<!-- Generated by org.testng.reporters.JUnitXMLReporter -->
<testsuite ignored="2" hostname="DESKTOP-52IO3LO" failures="0" tests="3" name="Test" time="3.121" errors="0" timestamp="2024-06-11T17:46:10 SAST">
  <testcase classname="testCases.UserListTableTestCase" name="verify_you_are_on_User_List_Table" time="0.042"/>
  <testcase classname="testCases.UserListTableTestCase" name="verify_user_Added_succefully" time="1.78"/>
  <testcase classname="testCases.UserListTableTestCase" name="verify_user_Added_succefully" time="1.167"/>
  <testcase classname="baseClass.BaseClass" name="@AfterSuite tearDown" time="0.0">
    <ignored/>
  </testcase> <!-- @AfterSuite tearDown -->
  <testcase classname="baseClass.BaseClass" name="@BeforeSuite setUp" time="0.0">
    <ignored/>
  </testcase> <!-- @BeforeSuite setUp -->
</testsuite> <!-- Test -->
