<?xml version="1.0" encoding="UTF-8"?>
<testng-results ignored="0" total="3" passed="3" failed="0" skipped="0">
  <reporter-output>
  </reporter-output>
  <suite started-at="2024-06-11T17:46:06 SAST" name="Suite" finished-at="2024-06-11T17:46:09 SAST" duration-ms="3121">
    <groups>
    </groups>
    <test started-at="2024-06-11T17:46:06 SAST" name="Test" finished-at="2024-06-11T17:46:09 SAST" duration-ms="3121">
      <class name="testCases.UserListTableTestCase">
        <test-method is-config="true" signature="setUp()[pri:0, instance:testCases.UserListTableTestCase@5386659f]" started-at="2024-06-11T17:45:54 SAST" name="setUp" finished-at="2024-06-11T17:46:06 SAST" duration-ms="11705" status="PASS">
          <reporter-output>
          </reporter-output>
        </test-method> <!-- setUp -->
        <test-method signature="verify_you_are_on_User_List_Table()[pri:0, instance:testCases.UserListTableTestCase@5386659f]" started-at="2024-06-11T17:46:06 SAST" name="verify_you_are_on_User_List_Table" finished-at="2024-06-11T17:46:06 SAST" duration-ms="42" status="PASS">
          <reporter-output>
          </reporter-output>
        </test-method> <!-- verify_you_are_on_User_List_Table -->
        <test-method signature="verify_user_Added_succefully(java.lang.String,java.lang.String,java.lang.String,java.lang.String,java.lang.String,java.lang.String,java.lang.String)[pri:1, instance:testCases.UserListTableTestCase@5386659f]" started-at="2024-06-11T17:46:06 SAST" name="verify_user_Added_succefully" data-provider="userData" finished-at="2024-06-11T17:46:08 SAST" duration-ms="1780" status="PASS">
          <params>
            <param index="0">
              <value>
                <![CDATA[Fname1]]>
              </value>
            </param>
            <param index="1">
              <value>
                <![CDATA[Lname1]]>
              </value>
            </param>
            <param index="2">
              <value>
                <![CDATA[Pass1]]>
              </value>
            </param>
            <param index="3">
              <value>
                <![CDATA[Company BBB]]>
              </value>
            </param>
            <param index="4">
              <value>
                <![CDATA[Admin]]>
              </value>
            </param>
            <param index="5">
              <value>
                <![CDATA[admin@mail.com]]>
              </value>
            </param>
            <param index="6">
              <value>
                <![CDATA[082555]]>
              </value>
            </param>
          </params>
          <reporter-output>
          </reporter-output>
        </test-method> <!-- verify_user_Added_succefully -->
        <test-method signature="verify_user_Added_succefully(java.lang.String,java.lang.String,java.lang.String,java.lang.String,java.lang.String,java.lang.String,java.lang.String)[pri:1, instance:testCases.UserListTableTestCase@5386659f]" started-at="2024-06-11T17:46:08 SAST" name="verify_user_Added_succefully" data-provider="userData" finished-at="2024-06-11T17:46:09 SAST" duration-ms="1167" status="PASS">
          <params>
            <param index="0">
              <value>
                <![CDATA[Fname2]]>
              </value>
            </param>
            <param index="1">
              <value>
                <![CDATA[Lname2]]>
              </value>
            </param>
            <param index="2">
              <value>
                <![CDATA[Pass2]]>
              </value>
            </param>
            <param index="3">
              <value>
                <![CDATA[Company AAA]]>
              </value>
            </param>
            <param index="4">
              <value>
                <![CDATA[Customer]]>
              </value>
            </param>
            <param index="5">
              <value>
                <![CDATA[Customer@mail.com]]>
              </value>
            </param>
            <param index="6">
              <value>
                <![CDATA[083444]]>
              </value>
            </param>
          </params>
          <reporter-output>
          </reporter-output>
        </test-method> <!-- verify_user_Added_succefully -->
        <test-method is-config="true" signature="tearDown()[pri:0, instance:testCases.UserListTableTestCase@5386659f]" started-at="2024-06-11T17:46:10 SAST" name="tearDown" finished-at="2024-06-11T17:46:10 SAST" duration-ms="275" status="PASS">
          <reporter-output>
          </reporter-output>
        </test-method> <!-- tearDown -->
      </class> <!-- testCases.UserListTableTestCase -->
    </test> <!-- Test -->
  </suite> <!-- Suite -->
</testng-results>
